# JRE version: OpenJDK Runtime Environment (11.0.11+9) (build 11.0.11+9-b60-7590822)
# Java VM: OpenJDK 64-Bit Server VM (11.0.11+9-b60-7590822, mixed mode, tiered, compressed oops, g1 gc, windows-amd64)
Heap:
 garbage-first heap   total 284672K, used 165711K [0x0000000080000000, 0x0000000100000000)
  region size 1024K, 1 young (1024K), 1 survivors (1024K)
 Metaspace       used 131397K, capacity 134932K, committed 135076K, reserved 1167360K
  class space    used 15938K, capacity 17203K, committed 17280K, reserved 1048576K
GC Heap History (20 events):
Event: 163.499 GC heap after
{Heap after GC invocations=60 (full 0):
 garbage-first heap   total 196608K, used 157552K [0x0000000080000000, 0x0000000100000000)
  region size 1024K, 2 young (2048K), 2 survivors (2048K)
 Metaspace       used 125150K, capacity 128587K, committed 128804K, reserved 1161216K
  class space    used 15376K, capacity 16601K, committed 16640K, reserved 1048576K
}
Event: 163.735 GC heap before
{Heap before GC invocations=61 (full 0):
 garbage-first heap   total 196608K, used 168816K [0x0000000080000000, 0x0000000100000000)
  region size 1024K, 14 young (14336K), 2 survivors (2048K)
 Metaspace       used 127175K, capacity 130623K, committed 130852K, reserved 1163264K
  class space    used 15629K, capacity 16896K, committed 16896K, reserved 1048576K
}
Event: 163.741 GC heap after
{Heap after GC invocations=62 (full 0):
 garbage-first heap   total 196608K, used 158548K [0x0000000080000000, 0x0000000100000000)
  region size 1024K, 1 young (1024K), 1 survivors (1024K)
 Metaspace       used 127175K, capacity 130623K, committed 130852K, reserved 1163264K
  class space    used 15629K, capacity 16896K, committed 16896K, reserved 1048576K
}
Event: 163.852 GC heap before
{Heap before GC invocations=62 (full 0):
 garbage-first heap   total 196608K, used 165716K [0x0000000080000000, 0x0000000100000000)
  region size 1024K, 9 young (9216K), 1 survivors (1024K)
 Metaspace       used 127288K, capacity 130824K, committed 130980K, reserved 1163264K
  class space    used 15632K, capacity 16898K, committed 17024K, reserved 1048576K
}
Event: 163.855 GC heap after
{Heap after GC invocations=63 (full 0):
 garbage-first heap   total 196608K, used 158155K [0x0000000080000000, 0x0000000100000000)
  region size 1024K, 1 young (1024K), 1 survivors (1024K)
 Metaspace       used 127288K, capacity 130824K, committed 130980K, reserved 1163264K
  class space    used 15632K, capacity 16898K, committed 17024K, reserved 1048576K
}
Event: 163.958 GC heap before
{Heap before GC invocations=63 (full 0):
 garbage-first heap   total 196608K, used 169419K [0x0000000080000000, 0x0000000100000000)
  region size 1024K, 12 young (12288K), 1 survivors (1024K)
 Metaspace       used 127298K, capacity 130825K, committed 130980K, reserved 1163264K
  class space    used 15632K, capacity 16898K, committed 17024K, reserved 1048576K
}
Event: 163.960 GC heap after
{Heap after GC invocations=64 (full 0):
 garbage-first heap   total 196608K, used 158170K [0x0000000080000000, 0x0000000100000000)
  region size 1024K, 1 young (1024K), 1 survivors (1024K)
 Metaspace       used 127298K, capacity 130825K, committed 130980K, reserved 1163264K
  class space    used 15632K, capacity 16898K, committed 17024K, reserved 1048576K
}
Event: 164.041 GC heap before
{Heap before GC invocations=64 (full 0):
 garbage-first heap   total 196608K, used 169434K [0x0000000080000000, 0x0000000100000000)
  region size 1024K, 12 young (12288K), 1 survivors (1024K)
 Metaspace       used 127304K, capacity 130825K, committed 130980K, reserved 1163264K
  class space    used 15632K, capacity 16898K, committed 17024K, reserved 1048576K
}
Event: 164.043 GC heap after
{Heap after GC invocations=65 (full 0):
 garbage-first heap   total 196608K, used 158169K [0x0000000080000000, 0x0000000100000000)
  region size 1024K, 1 young (1024K), 1 survivors (1024K)
 Metaspace       used 127304K, capacity 130825K, committed 130980K, reserved 1163264K
  class space    used 15632K, capacity 16898K, committed 17024K, reserved 1048576K
}
Event: 164.075 GC heap before
{Heap before GC invocations=65 (full 0):
 garbage-first heap   total 196608K, used 169433K [0x0000000080000000, 0x0000000100000000)
  region size 1024K, 12 young (12288K), 1 survivors (1024K)
 Metaspace       used 127305K, capacity 130825K, committed 130980K, reserved 1163264K
  class space    used 15632K, capacity 16898K, committed 17024K, reserved 1048576K
}
Event: 164.078 GC heap after
{Heap after GC invocations=66 (full 0):
 garbage-first heap   total 196608K, used 158151K [0x0000000080000000, 0x0000000100000000)
  region size 1024K, 1 young (1024K), 1 survivors (1024K)
 Metaspace       used 127305K, capacity 130825K, committed 130980K, reserved 1163264K
  class space    used 15632K, capacity 16898K, committed 17024K, reserved 1048576K
}
Event: 164.120 GC heap before
{Heap before GC invocations=66 (full 0):
 garbage-first heap   total 196608K, used 170439K [0x0000000080000000, 0x0000000100000000)
  region size 1024K, 13 young (13312K), 1 survivors (1024K)
 Metaspace       used 127306K, capacity 130825K, committed 130980K, reserved 1163264K
  class space    used 15632K, capacity 16898K, committed 17024K, reserved 1048576K
}
Event: 164.123 GC heap after
{Heap after GC invocations=67 (full 0):
 garbage-first heap   total 236544K, used 158230K [0x0000000080000000, 0x0000000100000000)
  region size 1024K, 1 young (1024K), 1 survivors (1024K)
 Metaspace       used 127306K, capacity 130825K, committed 130980K, reserved 1163264K
  class space    used 15632K, capacity 16898K, committed 17024K, reserved 1048576K
}
Event: 164.536 GC heap before
{Heap before GC invocations=68 (full 0):
 garbage-first heap   total 236544K, used 198166K [0x0000000080000000, 0x0000000100000000)
  region size 1024K, 26 young (26624K), 1 survivors (1024K)
 Metaspace       used 127654K, capacity 131153K, committed 131492K, reserved 1163264K
  class space    used 15659K, capacity 16912K, committed 17024K, reserved 1048576K
}
Event: 164.539 GC heap after
{Heap after GC invocations=69 (full 0):
 garbage-first heap   total 236544K, used 158821K [0x0000000080000000, 0x0000000100000000)
  region size 1024K, 2 young (2048K), 2 survivors (2048K)
 Metaspace       used 127654K, capacity 131153K, committed 131492K, reserved 1163264K
  class space    used 15659K, capacity 16912K, committed 17024K, reserved 1048576K
}
Event: 164.768 GC heap before
{Heap before GC invocations=69 (full 0):
 garbage-first heap   total 236544K, used 184421K [0x0000000080000000, 0x0000000100000000)
  region size 1024K, 28 young (28672K), 2 survivors (2048K)
 Metaspace       used 129729K, capacity 133204K, committed 133412K, reserved 1165312K
  class space    used 15827K, capacity 17075K, committed 17152K, reserved 1048576K
}
Event: 164.774 GC heap after
{Heap after GC invocations=70 (full 0):
 garbage-first heap   total 236544K, used 162203K [0x0000000080000000, 0x0000000100000000)
  region size 1024K, 4 young (4096K), 4 survivors (4096K)
 Metaspace       used 129729K, capacity 133204K, committed 133412K, reserved 1165312K
  class space    used 15827K, capacity 17075K, committed 17152K, reserved 1048576K
}
Event: 165.017 GC heap before
{Heap before GC invocations=70 (full 0):
 garbage-first heap   total 236544K, used 187803K [0x0000000080000000, 0x0000000100000000)
  region size 1024K, 30 young (30720K), 4 survivors (4096K)
 Metaspace       used 131057K, capacity 134516K, committed 134820K, reserved 1167360K
  class space    used 15921K, capacity 17171K, committed 17280K, reserved 1048576K
}
Event: 165.025 GC heap after
{Heap after GC invocations=71 (full 0):
 garbage-first heap   total 236544K, used 165707K [0x0000000080000000, 0x0000000100000000)
  region size 1024K, 4 young (4096K), 4 survivors (4096K)
 Metaspace       used 131057K, capacity 134516K, committed 134820K, reserved 1167360K
  class space    used 15921K, capacity 17171K, committed 17280K, reserved 1048576K
}
Event: 165.211 GC heap before
{Heap before GC invocations=71 (full 0):
 garbage-first heap   total 236544K, used 191307K [0x0000000080000000, 0x0000000100000000)
  region size 1024K, 29 young (29696K), 4 survivors (4096K)
 Metaspace       used 131397K, capacity 134932K, committed 135076K, reserved 1167360K
  class space    used 15938K, capacity 17203K, committed 17280K, reserved 1048576K
}

